<?xml version="1.0" encoding="UTF-8"?>
<coverage generated="1619458202">
  <project timestamp="1619458202">
    <file name="/home/runner/work/flagship-php-sdk-dev/flagship-php-sdk-dev/src/Decision/ApiManager.php">
      <class name="Flagship\Decision\ApiManager" namespace="global">
        <metrics complexity="23" methods="8" coveredmethods="1" conditionals="0" coveredconditionals="0" statements="55" coveredstatements="2" elements="63" coveredelements="3"/>
      </class>
      <line num="35" type="method" name="__construct" visibility="public" complexity="1" crap="1" count="6"/>
      <line num="37" type="stmt" count="6"/>
      <line num="38" type="stmt" count="6"/>
      <line num="45" type="method" name="getCampaigns" visibility="public" complexity="2" crap="6" count="0"/>
      <line num="48" type="stmt" count="0"/>
      <line num="49" type="stmt" count="0"/>
      <line num="50" type="stmt" count="0"/>
      <line num="51" type="stmt" count="0"/>
      <line num="52" type="stmt" count="0"/>
      <line num="53" type="stmt" count="0"/>
      <line num="54" type="stmt" count="0"/>
      <line num="55" type="stmt" count="0"/>
      <line num="56" type="stmt" count="0"/>
      <line num="57" type="stmt" count="0"/>
      <line num="64" type="method" name="getCampaignsModifications" visibility="public" complexity="1" crap="2" count="0"/>
      <line num="66" type="stmt" count="0"/>
      <line num="67" type="stmt" count="0"/>
      <line num="75" type="method" name="getAllModifications" visibility="private" complexity="13" crap="182" count="0"/>
      <line num="77" type="stmt" count="0"/>
      <line num="78" type="stmt" count="0"/>
      <line num="79" type="stmt" count="0"/>
      <line num="80" type="stmt" count="0"/>
      <line num="82" type="stmt" count="0"/>
      <line num="83" type="stmt" count="0"/>
      <line num="85" type="stmt" count="0"/>
      <line num="86" type="stmt" count="0"/>
      <line num="88" type="stmt" count="0"/>
      <line num="89" type="stmt" count="0"/>
      <line num="91" type="stmt" count="0"/>
      <line num="92" type="stmt" count="0"/>
      <line num="94" type="stmt" count="0"/>
      <line num="95" type="stmt" count="0"/>
      <line num="96" type="stmt" count="0"/>
      <line num="99" type="stmt" count="0"/>
      <line num="100" type="stmt" count="0"/>
      <line num="102" type="stmt" count="0"/>
      <line num="103" type="stmt" count="0"/>
      <line num="106" type="stmt" count="0"/>
      <line num="108" type="stmt" count="0"/>
      <line num="111" type="stmt" count="0"/>
      <line num="113" type="stmt" count="0"/>
      <line num="114" type="stmt" count="0"/>
      <line num="115" type="stmt" count="0"/>
      <line num="119" type="stmt" count="0"/>
      <line num="120" type="stmt" count="0"/>
      <line num="121" type="stmt" count="0"/>
      <line num="122" type="stmt" count="0"/>
      <line num="126" type="stmt" count="0"/>
      <line num="127" type="stmt" count="0"/>
      <line num="135" type="stmt" count="0"/>
      <line num="143" type="method" name="checkKeyExist" visibility="private" complexity="3" crap="12" count="0"/>
      <line num="145" type="stmt" count="0"/>
      <line num="146" type="stmt" count="0"/>
      <line num="147" type="stmt" count="0"/>
      <line num="150" type="stmt" count="0"/>
      <line num="158" type="method" name="buildHeader" visibility="private" complexity="1" crap="2" count="0"/>
      <line num="161" type="stmt" count="0"/>
      <line num="164" type="stmt" count="0"/>
      <line num="173" type="method" name="buildDecisionApiUrl" visibility="private" complexity="1" crap="2" count="0"/>
      <line num="175" type="stmt" count="0"/>
      <line num="184" type="method" name="buildPostData" visibility="private" complexity="1" crap="2" count="0"/>
      <line num="187" type="stmt" count="0"/>
      <line num="189" type="stmt" count="0"/>
      <metrics loc="192" ncloc="147" classes="1" methods="8" coveredmethods="1" conditionals="0" coveredconditionals="0" statements="55" coveredstatements="2" elements="63" coveredelements="3"/>
    </file>
    <file name="/home/runner/work/flagship-php-sdk-dev/flagship-php-sdk-dev/src/Decision/ApiManagerInterface.php">
      <metrics loc="35" ncloc="14" classes="0" methods="0" coveredmethods="0" conditionals="0" coveredconditionals="0" statements="0" coveredstatements="0" elements="0" coveredelements="0"/>
    </file>
    <file name="/home/runner/work/flagship-php-sdk-dev/flagship-php-sdk-dev/src/Enum/DecisionMode.php">
      <class name="Flagship\Enum\DecisionMode" namespace="global">
        <metrics complexity="3" methods="1" coveredmethods="1" conditionals="0" coveredconditionals="0" statements="3" coveredstatements="3" elements="4" coveredelements="4"/>
      </class>
      <line num="20" type="method" name="isDecisionMode" visibility="public" complexity="3" crap="3" count="2"/>
      <line num="23" type="stmt" count="2"/>
      <line num="24" type="stmt" count="2"/>
      <line num="26" type="stmt" count="2"/>
      <metrics loc="29" ncloc="18" classes="1" methods="1" coveredmethods="1" conditionals="0" coveredconditionals="0" statements="3" coveredstatements="3" elements="4" coveredelements="4"/>
    </file>
    <file name="/home/runner/work/flagship-php-sdk-dev/flagship-php-sdk-dev/src/Enum/FlagshipConstant.php">
      <class name="Flagship\Enum\FlagshipConstant" namespace="global">
        <metrics complexity="0" methods="0" coveredmethods="0" conditionals="0" coveredconditionals="0" statements="0" coveredstatements="0" elements="0" coveredelements="0"/>
      </class>
      <metrics loc="55" ncloc="35" classes="0" methods="0" coveredmethods="0" conditionals="0" coveredconditionals="0" statements="0" coveredstatements="0" elements="0" coveredelements="0"/>
    </file>
    <file name="/home/runner/work/flagship-php-sdk-dev/flagship-php-sdk-dev/src/Enum/FlagshipField.php">
      <class name="Flagship\Enum\FlagshipField" namespace="global">
        <metrics complexity="0" methods="0" coveredmethods="0" conditionals="0" coveredconditionals="0" statements="0" coveredstatements="0" elements="0" coveredelements="0"/>
      </class>
      <metrics loc="23" ncloc="18" classes="0" methods="0" coveredmethods="0" conditionals="0" coveredconditionals="0" statements="0" coveredstatements="0" elements="0" coveredelements="0"/>
    </file>
    <file name="/home/runner/work/flagship-php-sdk-dev/flagship-php-sdk-dev/src/Enum/FlagshipStatus.php">
      <class name="Flagship\Enum\FlagshipStatus" namespace="global">
        <metrics complexity="0" methods="0" coveredmethods="0" conditionals="0" coveredconditionals="0" statements="0" coveredstatements="0" elements="0" coveredelements="0"/>
      </class>
      <metrics loc="17" ncloc="11" classes="0" methods="0" coveredmethods="0" conditionals="0" coveredconditionals="0" statements="0" coveredstatements="0" elements="0" coveredelements="0"/>
    </file>
    <file name="/home/runner/work/flagship-php-sdk-dev/flagship-php-sdk-dev/src/Enum/LogLevel.php">
      <class name="Flagship\Enum\LogLevel" namespace="global">
        <metrics complexity="0" methods="0" coveredmethods="0" conditionals="0" coveredconditionals="0" statements="0" coveredstatements="0" elements="0" coveredelements="0"/>
      </class>
      <metrics loc="15" ncloc="15" classes="0" methods="0" coveredmethods="0" conditionals="0" coveredconditionals="0" statements="0" coveredstatements="0" elements="0" coveredelements="0"/>
    </file>
    <file name="/home/runner/work/flagship-php-sdk-dev/flagship-php-sdk-dev/src/Flagship.php">
      <class name="Flagship\Flagship" namespace="global">
        <metrics complexity="20" methods="9" coveredmethods="9" conditionals="0" coveredconditionals="0" statements="37" coveredstatements="37" elements="46" coveredelements="46"/>
      </class>
      <line num="29" type="method" name="__construct" visibility="private" complexity="1" crap="1" count="11"/>
      <line num="31" type="stmt" count="11"/>
      <line num="45" type="method" name="getInstance" visibility="protected" complexity="2" crap="2" count="11"/>
      <line num="47" type="stmt" count="11"/>
      <line num="48" type="stmt" count="11"/>
      <line num="50" type="stmt" count="11"/>
      <line num="61" type="method" name="start" visibility="public" complexity="5" crap="5" count="8"/>
      <line num="63" type="stmt" count="8"/>
      <line num="64" type="stmt" count="8"/>
      <line num="65" type="stmt" count="1"/>
      <line num="67" type="stmt" count="8"/>
      <line num="68" type="stmt" count="8"/>
      <line num="70" type="stmt" count="8"/>
      <line num="71" type="stmt" count="3"/>
      <line num="72" type="stmt" count="3"/>
      <line num="73" type="stmt" count="3"/>
      <line num="74" type="stmt" count="3"/>
      <line num="78" type="stmt" count="8"/>
      <line num="80" type="stmt" count="8"/>
      <line num="81" type="stmt" count="5"/>
      <line num="82" type="stmt" count="5"/>
      <line num="83" type="stmt" count="5"/>
      <line num="84" type="stmt" count="5"/>
      <line num="86" type="stmt" count="5"/>
      <line num="88" type="stmt" count="3"/>
      <line num="90" type="stmt" count="8"/>
      <line num="97" type="method" name="isReady" visibility="public" complexity="4" crap="4" count="10"/>
      <line num="99" type="stmt" count="10"/>
      <line num="100" type="stmt" count="3"/>
      <line num="102" type="stmt" count="8"/>
      <line num="103" type="stmt" count="8"/>
      <line num="104" type="stmt" count="8"/>
      <line num="112" type="method" name="getConfig" visibility="public" complexity="1" crap="1" count="7"/>
      <line num="114" type="stmt" count="7"/>
      <line num="121" type="method" name="setConfig" visibility="protected" complexity="1" crap="1" count="8"/>
      <line num="123" type="stmt" count="8"/>
      <line num="124" type="stmt" count="8"/>
      <line num="133" type="method" name="getStatus" visibility="public" complexity="1" crap="1" count="6"/>
      <line num="135" type="stmt" count="6"/>
      <line num="143" type="method" name="setStatus" visibility="protected" complexity="1" crap="1" count="8"/>
      <line num="145" type="stmt" count="8"/>
      <line num="146" type="stmt" count="8"/>
      <line num="155" type="method" name="newVisitor" visibility="public" complexity="3" crap="3" count="3"/>
      <line num="157" type="stmt" count="3"/>
      <line num="158" type="stmt" count="2"/>
      <line num="160" type="stmt" count="1"/>
      <metrics loc="162" ncloc="104" classes="1" methods="9" coveredmethods="9" conditionals="0" coveredconditionals="0" statements="37" coveredstatements="37" elements="46" coveredelements="46"/>
    </file>
    <file name="/home/runner/work/flagship-php-sdk-dev/flagship-php-sdk-dev/src/FlagshipConfig.php">
      <class name="Flagship\FlagshipConfig" namespace="global">
        <metrics complexity="14" methods="11" coveredmethods="11" conditionals="0" coveredconditionals="0" statements="20" coveredstatements="20" elements="31" coveredelements="31"/>
      </class>
      <line num="43" type="method" name="__construct" visibility="public" complexity="1" crap="1" count="19"/>
      <line num="45" type="stmt" count="19"/>
      <line num="46" type="stmt" count="19"/>
      <line num="47" type="stmt" count="19"/>
      <line num="52" type="method" name="getEnvId" visibility="public" complexity="1" crap="1" count="10"/>
      <line num="54" type="stmt" count="10"/>
      <line num="63" type="method" name="setEnvId" visibility="public" complexity="1" crap="1" count="9"/>
      <line num="65" type="stmt" count="9"/>
      <line num="66" type="stmt" count="9"/>
      <line num="72" type="method" name="getApiKey" visibility="public" complexity="1" crap="1" count="10"/>
      <line num="74" type="stmt" count="10"/>
      <line num="83" type="method" name="setApiKey" visibility="public" complexity="1" crap="1" count="9"/>
      <line num="85" type="stmt" count="9"/>
      <line num="86" type="stmt" count="9"/>
      <line num="92" type="method" name="getDecisionMode" visibility="public" complexity="1" crap="1" count="2"/>
      <line num="94" type="stmt" count="2"/>
      <line num="103" type="method" name="setDecisionMode" visibility="private" complexity="2" crap="2" count="1"/>
      <line num="105" type="stmt" count="1"/>
      <line num="106" type="stmt" count="1"/>
      <line num="108" type="stmt" count="1"/>
      <line num="114" type="method" name="getTimeOut" visibility="public" complexity="1" crap="1" count="1"/>
      <line num="116" type="stmt" count="1"/>
      <line num="125" type="method" name="setTimeOut" visibility="public" complexity="3" crap="3" count="1"/>
      <line num="127" type="stmt" count="1"/>
      <line num="128" type="stmt" count="1"/>
      <line num="130" type="stmt" count="1"/>
      <line num="136" type="method" name="getLogManager" visibility="public" complexity="1" crap="1" count="14"/>
      <line num="138" type="stmt" count="14"/>
      <line num="147" type="method" name="setLogManager" visibility="public" complexity="1" crap="1" count="1"/>
      <line num="149" type="stmt" count="1"/>
      <line num="150" type="stmt" count="1"/>
      <metrics loc="152" ncloc="81" classes="1" methods="11" coveredmethods="11" conditionals="0" coveredconditionals="0" statements="20" coveredstatements="20" elements="31" coveredelements="31"/>
    </file>
    <file name="/home/runner/work/flagship-php-sdk-dev/flagship-php-sdk-dev/src/Model/Modification.php">
      <class name="Flagship\Model\Modification" namespace="global">
        <metrics complexity="12" methods="12" coveredmethods="6" conditionals="0" coveredconditionals="0" statements="18" coveredstatements="6" elements="30" coveredelements="12"/>
      </class>
      <line num="40" type="method" name="getKey" visibility="public" complexity="1" crap="1" count="3"/>
      <line num="42" type="stmt" count="3"/>
      <line num="49" type="method" name="setKey" visibility="public" complexity="1" crap="2" count="0"/>
      <line num="51" type="stmt" count="0"/>
      <line num="52" type="stmt" count="0"/>
      <line num="58" type="method" name="getCampaignId" visibility="public" complexity="1" crap="1" count="1"/>
      <line num="60" type="stmt" count="1"/>
      <line num="67" type="method" name="setCampaignId" visibility="public" complexity="1" crap="2" count="0"/>
      <line num="69" type="stmt" count="0"/>
      <line num="70" type="stmt" count="0"/>
      <line num="76" type="method" name="getVariationGroupId" visibility="public" complexity="1" crap="1" count="1"/>
      <line num="78" type="stmt" count="1"/>
      <line num="85" type="method" name="setVariationGroupId" visibility="public" complexity="1" crap="2" count="0"/>
      <line num="87" type="stmt" count="0"/>
      <line num="88" type="stmt" count="0"/>
      <line num="94" type="method" name="getVariationId" visibility="public" complexity="1" crap="1" count="1"/>
      <line num="96" type="stmt" count="1"/>
      <line num="103" type="method" name="setVariationId" visibility="public" complexity="1" crap="2" count="0"/>
      <line num="105" type="stmt" count="0"/>
      <line num="106" type="stmt" count="0"/>
      <line num="112" type="method" name="getIsReference" visibility="public" complexity="1" crap="1" count="1"/>
      <line num="114" type="stmt" count="1"/>
      <line num="121" type="method" name="setIsReference" visibility="public" complexity="1" crap="2" count="0"/>
      <line num="123" type="stmt" count="0"/>
      <line num="124" type="stmt" count="0"/>
      <line num="130" type="method" name="getValue" visibility="public" complexity="1" crap="1" count="2"/>
      <line num="132" type="stmt" count="2"/>
      <line num="139" type="method" name="setValue" visibility="public" complexity="1" crap="2" count="0"/>
      <line num="141" type="stmt" count="0"/>
      <line num="142" type="stmt" count="0"/>
      <metrics loc="144" ncloc="79" classes="1" methods="12" coveredmethods="6" conditionals="0" coveredconditionals="0" statements="18" coveredstatements="6" elements="30" coveredelements="12"/>
    </file>
    <file name="/home/runner/work/flagship-php-sdk-dev/flagship-php-sdk-dev/src/Traits/LogTrait.php">
      <class name="Flagship\Traits\LogTrait" namespace="global">
        <metrics complexity="4" methods="2" coveredmethods="2" conditionals="0" coveredconditionals="0" statements="8" coveredstatements="8" elements="10" coveredelements="10"/>
      </class>
      <line num="14" type="method" name="logError" visibility="protected" complexity="2" crap="2" count="8"/>
      <line num="16" type="stmt" count="8"/>
      <line num="17" type="stmt" count="6"/>
      <line num="19" type="stmt" count="2"/>
      <line num="20" type="stmt" count="2"/>
      <line num="27" type="method" name="logInfo" visibility="protected" complexity="2" crap="2" count="5"/>
      <line num="29" type="stmt" count="5"/>
      <line num="30" type="stmt" count="4"/>
      <line num="32" type="stmt" count="1"/>
      <line num="33" type="stmt" count="1"/>
      <metrics loc="34" ncloc="24" classes="1" methods="2" coveredmethods="2" conditionals="0" coveredconditionals="0" statements="8" coveredstatements="8" elements="10" coveredelements="10"/>
    </file>
    <file name="/home/runner/work/flagship-php-sdk-dev/flagship-php-sdk-dev/src/Traits/ValidatorTrait.php">
      <class name="Flagship\Traits\ValidatorTrait" namespace="global">
        <metrics complexity="6" methods="2" coveredmethods="2" conditionals="0" coveredconditionals="0" statements="2" coveredstatements="2" elements="4" coveredelements="4"/>
      </class>
      <line num="14" type="method" name="isKeyValid" visibility="public" complexity="2" crap="2" count="8"/>
      <line num="16" type="stmt" count="8"/>
      <line num="26" type="method" name="isValueValid" visibility="public" complexity="4" crap="4" count="5"/>
      <line num="28" type="stmt" count="5"/>
      <metrics loc="30" ncloc="17" classes="1" methods="2" coveredmethods="2" conditionals="0" coveredconditionals="0" statements="2" coveredstatements="2" elements="4" coveredelements="4"/>
    </file>
    <file name="/home/runner/work/flagship-php-sdk-dev/flagship-php-sdk-dev/src/Utils/HttpClient.php">
      <class name="Flagship\Utils\HttpClient" namespace="global">
        <metrics complexity="21" methods="12" coveredmethods="4" conditionals="0" coveredconditionals="0" statements="54" coveredstatements="28" elements="66" coveredelements="32"/>
      </class>
      <line num="26" type="method" name="__construct" visibility="public" complexity="2" crap="2.02" count="5"/>
      <line num="28" type="stmt" count="5"/>
      <line num="29" type="stmt" count="0"/>
      <line num="31" type="stmt" count="5"/>
      <line num="33" type="stmt" count="5"/>
      <line num="34" type="stmt" count="5"/>
      <line num="35" type="stmt" count="5"/>
      <line num="45" type="method" name="setOpt" visibility="public" complexity="2" crap="2" count="5"/>
      <line num="47" type="stmt" count="5"/>
      <line num="48" type="stmt" count="5"/>
      <line num="49" type="stmt" count="5"/>
      <line num="51" type="stmt" count="5"/>
      <line num="57" type="method" name="setHeaders" visibility="public" complexity="3" crap="3" count="1"/>
      <line num="59" type="stmt" count="1"/>
      <line num="60" type="stmt" count="1"/>
      <line num="61" type="stmt" count="1"/>
      <line num="62" type="stmt" count="1"/>
      <line num="65" type="stmt" count="1"/>
      <line num="66" type="stmt" count="1"/>
      <line num="67" type="stmt" count="1"/>
      <line num="69" type="stmt" count="1"/>
      <line num="70" type="stmt" count="1"/>
      <line num="76" type="method" name="getHeaders" visibility="public" complexity="1" crap="1" count="1"/>
      <line num="78" type="stmt" count="1"/>
      <line num="84" type="method" name="setTimeout" visibility="public" complexity="1" crap="1" count="5"/>
      <line num="86" type="stmt" count="5"/>
      <line num="87" type="stmt" count="5"/>
      <line num="97" type="method" name="setUrl" visibility="private" complexity="1" crap="2" count="0"/>
      <line num="99" type="stmt" count="0"/>
      <line num="100" type="stmt" count="0"/>
      <line num="101" type="stmt" count="0"/>
      <line num="110" type="method" name="exec" visibility="public" complexity="2" crap="6" count="0"/>
      <line num="112" type="stmt" count="0"/>
      <line num="113" type="stmt" count="0"/>
      <line num="114" type="stmt" count="0"/>
      <line num="116" type="stmt" count="0"/>
      <line num="117" type="stmt" count="0"/>
      <line num="119" type="stmt" count="0"/>
      <line num="120" type="stmt" count="0"/>
      <line num="122" type="stmt" count="0"/>
      <line num="123" type="stmt" count="0"/>
      <line num="125" type="stmt" count="0"/>
      <line num="138" type="method" name="get" visibility="public" complexity="1" crap="2" count="0"/>
      <line num="140" type="stmt" count="0"/>
      <line num="141" type="stmt" count="0"/>
      <line num="142" type="stmt" count="0"/>
      <line num="143" type="stmt" count="0"/>
      <line num="153" type="method" name="post" visibility="public" complexity="1" crap="2" count="0"/>
      <line num="155" type="stmt" count="0"/>
      <line num="156" type="stmt" count="0"/>
      <line num="157" type="stmt" count="0"/>
      <line num="158" type="stmt" count="0"/>
      <line num="159" type="stmt" count="0"/>
      <line num="170" type="method" name="getInfo" visibility="private" complexity="1" crap="2" count="0"/>
      <line num="172" type="stmt" count="0"/>
      <line num="175" type="method" name="parseResponse" visibility="private" complexity="1" crap="2" count="0"/>
      <line num="177" type="stmt" count="0"/>
      <line num="189" type="method" name="buildUrl" visibility="private" complexity="5" crap="5.05" count="1"/>
      <line num="191" type="stmt" count="1"/>
      <line num="192" type="stmt" count="1"/>
      <line num="193" type="stmt" count="1"/>
      <line num="194" type="stmt" count="1"/>
      <line num="195" type="stmt" count="0"/>
      <line num="196" type="stmt" count="1"/>
      <line num="197" type="stmt" count="1"/>
      <line num="200" type="stmt" count="1"/>
      <metrics loc="202" ncloc="131" classes="1" methods="12" coveredmethods="4" conditionals="0" coveredconditionals="0" statements="54" coveredstatements="28" elements="66" coveredelements="32"/>
    </file>
    <file name="/home/runner/work/flagship-php-sdk-dev/flagship-php-sdk-dev/src/Utils/HttpClientInterface.php">
      <metrics loc="48" ncloc="16" classes="0" methods="0" coveredmethods="0" conditionals="0" coveredconditionals="0" statements="0" coveredstatements="0" elements="0" coveredelements="0"/>
    </file>
    <file name="/home/runner/work/flagship-php-sdk-dev/flagship-php-sdk-dev/src/Utils/LogManager.php">
      <class name="Flagship\Utils\LogManager" namespace="global">
        <metrics complexity="13" methods="10" coveredmethods="10" conditionals="0" coveredconditionals="0" statements="29" coveredstatements="29" elements="39" coveredelements="39"/>
      </class>
      <line num="13" type="method" name="emergency" visibility="public" complexity="1" crap="1" count="1"/>
      <line num="15" type="stmt" count="1"/>
      <line num="16" type="stmt" count="1"/>
      <line num="21" type="method" name="alert" visibility="public" complexity="1" crap="1" count="1"/>
      <line num="23" type="stmt" count="1"/>
      <line num="24" type="stmt" count="1"/>
      <line num="29" type="method" name="critical" visibility="public" complexity="1" crap="1" count="1"/>
      <line num="31" type="stmt" count="1"/>
      <line num="32" type="stmt" count="1"/>
      <line num="37" type="method" name="error" visibility="public" complexity="1" crap="1" count="1"/>
      <line num="39" type="stmt" count="1"/>
      <line num="40" type="stmt" count="1"/>
      <line num="45" type="method" name="warning" visibility="public" complexity="1" crap="1" count="1"/>
      <line num="47" type="stmt" count="1"/>
      <line num="48" type="stmt" count="1"/>
      <line num="53" type="method" name="notice" visibility="public" complexity="1" crap="1" count="1"/>
      <line num="55" type="stmt" count="1"/>
      <line num="56" type="stmt" count="1"/>
      <line num="61" type="method" name="info" visibility="public" complexity="1" crap="1" count="1"/>
      <line num="63" type="stmt" count="1"/>
      <line num="64" type="stmt" count="1"/>
      <line num="69" type="method" name="debug" visibility="public" complexity="1" crap="1" count="1"/>
      <line num="71" type="stmt" count="1"/>
      <line num="72" type="stmt" count="1"/>
      <line num="77" type="method" name="log" visibility="public" complexity="1" crap="1" count="9"/>
      <line num="79" type="stmt" count="9"/>
      <line num="80" type="stmt" count="9"/>
      <line num="81" type="stmt" count="9"/>
      <line num="82" type="stmt" count="9"/>
      <line num="84" type="method" name="parseContextToString" visibility="private" complexity="4" crap="4" count="9"/>
      <line num="86" type="stmt" count="9"/>
      <line num="88" type="stmt" count="9"/>
      <line num="89" type="stmt" count="9"/>
      <line num="91" type="stmt" count="9"/>
      <line num="92" type="stmt" count="9"/>
      <line num="95" type="stmt" count="9"/>
      <line num="97" type="stmt" count="9"/>
      <line num="98" type="stmt" count="9"/>
      <line num="100" type="stmt" count="9"/>
      <metrics loc="102" ncloc="75" classes="1" methods="10" coveredmethods="10" conditionals="0" coveredconditionals="0" statements="29" coveredstatements="29" elements="39" coveredelements="39"/>
    </file>
    <file name="/home/runner/work/flagship-php-sdk-dev/flagship-php-sdk-dev/src/Utils/LogManagerInterface.php">
      <metrics loc="104" ncloc="24" classes="0" methods="0" coveredmethods="0" conditionals="0" coveredconditionals="0" statements="0" coveredstatements="0" elements="0" coveredelements="0"/>
    </file>
    <file name="/home/runner/work/flagship-php-sdk-dev/flagship-php-sdk-dev/src/Visitor.php">
      <class name="Flagship\Visitor" namespace="global">
        <metrics complexity="26" methods="14" coveredmethods="14" conditionals="0" coveredconditionals="0" statements="71" coveredstatements="71" elements="85" coveredelements="85"/>
      </class>
      <line num="55" type="method" name="__construct" visibility="public" complexity="1" crap="1" count="6"/>
      <line num="57" type="stmt" count="6"/>
      <line num="58" type="stmt" count="6"/>
      <line num="59" type="stmt" count="6"/>
      <line num="60" type="stmt" count="6"/>
      <line num="61" type="stmt" count="6"/>
      <line num="66" type="method" name="getConfig" visibility="public" complexity="1" crap="1" count="1"/>
      <line num="68" type="stmt" count="1"/>
      <line num="75" type="method" name="setConfig" visibility="public" complexity="1" crap="1" count="1"/>
      <line num="77" type="stmt" count="1"/>
      <line num="78" type="stmt" count="1"/>
      <line num="84" type="method" name="getVisitorId" visibility="public" complexity="1" crap="1" count="1"/>
      <line num="86" type="stmt" count="1"/>
      <line num="93" type="method" name="setVisitorId" visibility="public" complexity="2" crap="2" count="6"/>
      <line num="95" type="stmt" count="6"/>
      <line num="96" type="stmt" count="6"/>
      <line num="98" type="stmt" count="1"/>
      <line num="100" type="stmt" count="6"/>
      <line num="106" type="method" name="getContext" visibility="public" complexity="1" crap="1" count="4"/>
      <line num="108" type="stmt" count="4"/>
      <line num="117" type="method" name="setContext" visibility="public" complexity="1" crap="1" count="1"/>
      <line num="119" type="stmt" count="1"/>
      <line num="120" type="stmt" count="1"/>
      <line num="132" type="method" name="updateContext" visibility="public" complexity="3" crap="3" count="4"/>
      <line num="134" type="stmt" count="4"/>
      <line num="135" type="stmt" count="2"/>
      <line num="136" type="stmt" count="2"/>
      <line num="137" type="stmt" count="2"/>
      <line num="138" type="stmt" count="2"/>
      <line num="141" type="stmt" count="2"/>
      <line num="143" type="stmt" count="4"/>
      <line num="144" type="stmt" count="4"/>
      <line num="154" type="method" name="updateContextCollection" visibility="public" complexity="2" crap="2" count="6"/>
      <line num="156" type="stmt" count="6"/>
      <line num="157" type="stmt" count="3"/>
      <line num="159" type="stmt" count="6"/>
      <line num="164" type="method" name="getModifications" visibility="public" complexity="1" crap="1" count="1"/>
      <line num="166" type="stmt" count="1"/>
      <line num="181" type="method" name="getModification" visibility="public" complexity="6" crap="6" count="2"/>
      <line num="183" type="stmt" count="2"/>
      <line num="184" type="stmt" count="2"/>
      <line num="185" type="stmt" count="2"/>
      <line num="186" type="stmt" count="2"/>
      <line num="187" type="stmt" count="2"/>
      <line num="189" type="stmt" count="2"/>
      <line num="191" type="stmt" count="2"/>
      <line num="192" type="stmt" count="2"/>
      <line num="193" type="stmt" count="2"/>
      <line num="194" type="stmt" count="2"/>
      <line num="195" type="stmt" count="2"/>
      <line num="196" type="stmt" count="1"/>
      <line num="198" type="stmt" count="2"/>
      <line num="199" type="stmt" count="2"/>
      <line num="200" type="stmt" count="2"/>
      <line num="201" type="stmt" count="2"/>
      <line num="203" type="stmt" count="2"/>
      <line num="206" type="stmt" count="2"/>
      <line num="207" type="stmt" count="2"/>
      <line num="208" type="stmt" count="2"/>
      <line num="209" type="stmt" count="2"/>
      <line num="210" type="stmt" count="2"/>
      <line num="213" type="stmt" count="2"/>
      <line num="222" type="method" name="getModificationInfo" visibility="public" complexity="4" crap="4" count="1"/>
      <line num="224" type="stmt" count="1"/>
      <line num="225" type="stmt" count="1"/>
      <line num="226" type="stmt" count="1"/>
      <line num="227" type="stmt" count="1"/>
      <line num="228" type="stmt" count="1"/>
      <line num="230" type="stmt" count="1"/>
      <line num="232" type="stmt" count="1"/>
      <line num="233" type="stmt" count="1"/>
      <line num="234" type="stmt" count="1"/>
      <line num="237" type="stmt" count="1"/>
      <line num="238" type="stmt" count="1"/>
      <line num="239" type="stmt" count="1"/>
      <line num="240" type="stmt" count="1"/>
      <line num="242" type="stmt" count="1"/>
      <line num="251" type="method" name="parseToCampaign" visibility="private" complexity="1" crap="1" count="1"/>
      <line num="254" type="stmt" count="1"/>
      <line num="255" type="stmt" count="1"/>
      <line num="256" type="stmt" count="1"/>
      <line num="257" type="stmt" count="1"/>
      <line num="265" type="method" name="synchronizedModifications" visibility="public" complexity="1" crap="1" count="3"/>
      <line num="267" type="stmt" count="3"/>
      <line num="268" type="stmt" count="3"/>
      <metrics loc="269" ncloc="171" classes="1" methods="14" coveredmethods="14" conditionals="0" coveredconditionals="0" statements="71" coveredstatements="71" elements="85" coveredelements="85"/>
    </file>
    <metrics files="17" loc="1613" ncloc="980" classes="10" methods="81" coveredmethods="60" conditionals="0" coveredconditionals="0" statements="297" coveredstatements="206" elements="378" coveredelements="266"/>
  </project>
</coverage>
