<?xml version="1.0" encoding="UTF-8"?>
<coverage generated="1619458111">
  <project timestamp="1619458111">
    <package name="Flagship\Decision">
      <file name="/home/runner/work/flagship-php-sdk-dev/flagship-php-sdk-dev/src/Decision/ApiManager.php">
        <class name="ApiManager" namespace="Flagship\Decision" fullPackage="Flagship" package="Flagship">
          <metrics methods="8" coveredmethods="8" conditionals="0" coveredconditionals="0" statements="55" coveredstatements="55" elements="63" coveredelements="63"/>
        </class>
        <line num="35" type="method" name="__construct" crap="1" count="9"/>
        <line num="37" type="stmt" count="9"/>
        <line num="38" type="stmt" count="9"/>
        <line num="45" type="method" name="getCampaigns" crap="2" count="3"/>
        <line num="48" type="stmt" count="3"/>
        <line num="49" type="stmt" count="3"/>
        <line num="50" type="stmt" count="3"/>
        <line num="51" type="stmt" count="3"/>
        <line num="52" type="stmt" count="3"/>
        <line num="53" type="stmt" count="3"/>
        <line num="54" type="stmt" count="2"/>
        <line num="55" type="stmt" count="1"/>
        <line num="56" type="stmt" count="1"/>
        <line num="57" type="stmt" count="1"/>
        <line num="64" type="method" name="getCampaignsModifications" crap="1" count="1"/>
        <line num="66" type="stmt" count="1"/>
        <line num="67" type="stmt" count="1"/>
        <line num="75" type="method" name="getAllModifications" crap="13" count="1"/>
        <line num="77" type="stmt" count="1"/>
        <line num="78" type="stmt" count="1"/>
        <line num="79" type="stmt" count="1"/>
        <line num="80" type="stmt" count="1"/>
        <line num="82" type="stmt" count="1"/>
        <line num="83" type="stmt" count="1"/>
        <line num="85" type="stmt" count="1"/>
        <line num="86" type="stmt" count="1"/>
        <line num="88" type="stmt" count="1"/>
        <line num="89" type="stmt" count="1"/>
        <line num="91" type="stmt" count="1"/>
        <line num="92" type="stmt" count="1"/>
        <line num="94" type="stmt" count="1"/>
        <line num="95" type="stmt" count="1"/>
        <line num="96" type="stmt" count="1"/>
        <line num="99" type="stmt" count="1"/>
        <line num="100" type="stmt" count="1"/>
        <line num="102" type="stmt" count="1"/>
        <line num="103" type="stmt" count="1"/>
        <line num="106" type="stmt" count="1"/>
        <line num="108" type="stmt" count="1"/>
        <line num="111" type="stmt" count="1"/>
        <line num="113" type="stmt" count="1"/>
        <line num="114" type="stmt" count="1"/>
        <line num="115" type="stmt" count="1"/>
        <line num="119" type="stmt" count="1"/>
        <line num="120" type="stmt" count="1"/>
        <line num="121" type="stmt" count="1"/>
        <line num="122" type="stmt" count="1"/>
        <line num="126" type="stmt" count="1"/>
        <line num="127" type="stmt" count="1"/>
        <line num="135" type="stmt" count="1"/>
        <line num="143" type="method" name="checkKeyExist" crap="3" count="1"/>
        <line num="145" type="stmt" count="1"/>
        <line num="146" type="stmt" count="1"/>
        <line num="147" type="stmt" count="1"/>
        <line num="150" type="stmt" count="1"/>
        <line num="158" type="method" name="buildHeader" crap="1" count="3"/>
        <line num="161" type="stmt" count="3"/>
        <line num="164" type="stmt" count="3"/>
        <line num="173" type="method" name="buildDecisionApiUrl" crap="1" count="3"/>
        <line num="175" type="stmt" count="3"/>
        <line num="184" type="method" name="buildPostData" crap="1" count="3"/>
        <line num="187" type="stmt" count="3"/>
        <line num="189" type="stmt" count="3"/>
        <metrics loc="192" ncloc="145" classes="1" methods="8" coveredmethods="8" conditionals="0" coveredconditionals="0" statements="55" coveredstatements="55" elements="63" coveredelements="63"/>
      </file>
    </package>
    <file name="/home/runner/work/flagship-php-sdk-dev/flagship-php-sdk-dev/src/Decision/ApiManagerInterface.php">
      <metrics loc="35" ncloc="14" classes="0" methods="0" coveredmethods="0" conditionals="0" coveredconditionals="0" statements="0" coveredstatements="0" elements="0" coveredelements="0"/>
    </file>
    <package name="Flagship\Enum">
      <file name="/home/runner/work/flagship-php-sdk-dev/flagship-php-sdk-dev/src/Enum/DecisionMode.php">
        <class name="DecisionMode" namespace="Flagship\Enum" fullPackage="Flagship" package="Flagship">
          <metrics methods="1" coveredmethods="1" conditionals="0" coveredconditionals="0" statements="3" coveredstatements="3" elements="4" coveredelements="4"/>
        </class>
        <line num="20" type="method" name="isDecisionMode" crap="2" count="2"/>
        <line num="23" type="stmt" count="2"/>
        <line num="24" type="stmt" count="2"/>
        <line num="26" type="stmt" count="2"/>
        <metrics loc="29" ncloc="18" classes="1" methods="1" coveredmethods="1" conditionals="0" coveredconditionals="0" statements="3" coveredstatements="3" elements="4" coveredelements="4"/>
      </file>
      <file name="/home/runner/work/flagship-php-sdk-dev/flagship-php-sdk-dev/src/Enum/FlagshipConstant.php">
        <class name="FlagshipConstant" namespace="Flagship\Enum" fullPackage="Flagship" package="Flagship">
          <metrics methods="0" coveredmethods="0" conditionals="0" coveredconditionals="0" statements="0" coveredstatements="0" elements="0" coveredelements="0"/>
        </class>
        <metrics loc="55" ncloc="32" classes="1" methods="0" coveredmethods="0" conditionals="0" coveredconditionals="0" statements="0" coveredstatements="0" elements="0" coveredelements="0"/>
      </file>
      <file name="/home/runner/work/flagship-php-sdk-dev/flagship-php-sdk-dev/src/Enum/FlagshipField.php">
        <class name="FlagshipField" namespace="Flagship\Enum" fullPackage="Flagship" package="Flagship">
          <metrics methods="0" coveredmethods="0" conditionals="0" coveredconditionals="0" statements="0" coveredstatements="0" elements="0" coveredelements="0"/>
        </class>
        <metrics loc="23" ncloc="18" classes="1" methods="0" coveredmethods="0" conditionals="0" coveredconditionals="0" statements="0" coveredstatements="0" elements="0" coveredelements="0"/>
      </file>
      <file name="/home/runner/work/flagship-php-sdk-dev/flagship-php-sdk-dev/src/Enum/FlagshipStatus.php">
        <class name="FlagshipStatus" namespace="Flagship\Enum">
          <metrics methods="0" coveredmethods="0" conditionals="0" coveredconditionals="0" statements="0" coveredstatements="0" elements="0" coveredelements="0"/>
        </class>
        <metrics loc="17" ncloc="11" classes="1" methods="0" coveredmethods="0" conditionals="0" coveredconditionals="0" statements="0" coveredstatements="0" elements="0" coveredelements="0"/>
      </file>
      <file name="/home/runner/work/flagship-php-sdk-dev/flagship-php-sdk-dev/src/Enum/LogLevel.php">
        <class name="LogLevel" namespace="Flagship\Enum">
          <metrics methods="0" coveredmethods="0" conditionals="0" coveredconditionals="0" statements="0" coveredstatements="0" elements="0" coveredelements="0"/>
        </class>
        <metrics loc="15" ncloc="15" classes="1" methods="0" coveredmethods="0" conditionals="0" coveredconditionals="0" statements="0" coveredstatements="0" elements="0" coveredelements="0"/>
      </file>
    </package>
    <package name="Flagship">
      <file name="/home/runner/work/flagship-php-sdk-dev/flagship-php-sdk-dev/src/Flagship.php">
        <class name="Flagship" namespace="Flagship">
          <metrics methods="9" coveredmethods="9" conditionals="0" coveredconditionals="0" statements="37" coveredstatements="37" elements="46" coveredelements="46"/>
        </class>
        <line num="29" type="method" name="__construct" crap="1" count="11"/>
        <line num="31" type="stmt" count="11"/>
        <line num="45" type="method" name="getInstance" crap="2" count="11"/>
        <line num="47" type="stmt" count="11"/>
        <line num="48" type="stmt" count="11"/>
        <line num="50" type="stmt" count="11"/>
        <line num="61" type="method" name="start" crap="5" count="8"/>
        <line num="63" type="stmt" count="8"/>
        <line num="64" type="stmt" count="8"/>
        <line num="65" type="stmt" count="1"/>
        <line num="67" type="stmt" count="8"/>
        <line num="68" type="stmt" count="8"/>
        <line num="70" type="stmt" count="8"/>
        <line num="71" type="stmt" count="3"/>
        <line num="72" type="stmt" count="3"/>
        <line num="73" type="stmt" count="3"/>
        <line num="74" type="stmt" count="3"/>
        <line num="78" type="stmt" count="8"/>
        <line num="80" type="stmt" count="8"/>
        <line num="81" type="stmt" count="5"/>
        <line num="82" type="stmt" count="5"/>
        <line num="83" type="stmt" count="5"/>
        <line num="84" type="stmt" count="5"/>
        <line num="86" type="stmt" count="5"/>
        <line num="88" type="stmt" count="3"/>
        <line num="90" type="stmt" count="8"/>
        <line num="97" type="method" name="isReady" crap="4" count="10"/>
        <line num="99" type="stmt" count="10"/>
        <line num="100" type="stmt" count="3"/>
        <line num="102" type="stmt" count="8"/>
        <line num="103" type="stmt" count="8"/>
        <line num="104" type="stmt" count="8"/>
        <line num="112" type="method" name="getConfig" crap="1" count="7"/>
        <line num="114" type="stmt" count="7"/>
        <line num="121" type="method" name="setConfig" crap="1" count="8"/>
        <line num="123" type="stmt" count="8"/>
        <line num="124" type="stmt" count="8"/>
        <line num="133" type="method" name="getStatus" crap="1" count="6"/>
        <line num="135" type="stmt" count="6"/>
        <line num="143" type="method" name="setStatus" crap="1" count="8"/>
        <line num="145" type="stmt" count="8"/>
        <line num="146" type="stmt" count="8"/>
        <line num="155" type="method" name="newVisitor" crap="3" count="3"/>
        <line num="157" type="stmt" count="3"/>
        <line num="158" type="stmt" count="2"/>
        <line num="160" type="stmt" count="1"/>
        <metrics loc="162" ncloc="104" classes="1" methods="9" coveredmethods="9" conditionals="0" coveredconditionals="0" statements="37" coveredstatements="37" elements="46" coveredelements="46"/>
      </file>
      <file name="/home/runner/work/flagship-php-sdk-dev/flagship-php-sdk-dev/src/FlagshipConfig.php">
        <class name="FlagshipConfig" namespace="Flagship" fullPackage="Flagship" package="Flagship">
          <metrics methods="11" coveredmethods="11" conditionals="0" coveredconditionals="0" statements="20" coveredstatements="20" elements="31" coveredelements="31"/>
        </class>
        <line num="43" type="method" name="__construct" crap="1" count="22"/>
        <line num="45" type="stmt" count="22"/>
        <line num="46" type="stmt" count="22"/>
        <line num="47" type="stmt" count="22"/>
        <line num="52" type="method" name="getEnvId" crap="1" count="13"/>
        <line num="54" type="stmt" count="13"/>
        <line num="63" type="method" name="setEnvId" crap="1" count="9"/>
        <line num="65" type="stmt" count="9"/>
        <line num="66" type="stmt" count="9"/>
        <line num="72" type="method" name="getApiKey" crap="1" count="13"/>
        <line num="74" type="stmt" count="13"/>
        <line num="83" type="method" name="setApiKey" crap="1" count="9"/>
        <line num="85" type="stmt" count="9"/>
        <line num="86" type="stmt" count="9"/>
        <line num="92" type="method" name="getDecisionMode" crap="1" count="2"/>
        <line num="94" type="stmt" count="2"/>
        <line num="103" type="method" name="setDecisionMode" crap="2" count="1"/>
        <line num="105" type="stmt" count="1"/>
        <line num="106" type="stmt" count="1"/>
        <line num="108" type="stmt" count="1"/>
        <line num="114" type="method" name="getTimeOut" crap="1" count="4"/>
        <line num="116" type="stmt" count="4"/>
        <line num="125" type="method" name="setTimeOut" crap="3" count="1"/>
        <line num="127" type="stmt" count="1"/>
        <line num="128" type="stmt" count="1"/>
        <line num="130" type="stmt" count="1"/>
        <line num="136" type="method" name="getLogManager" crap="1" count="15"/>
        <line num="138" type="stmt" count="15"/>
        <line num="147" type="method" name="setLogManager" crap="1" count="2"/>
        <line num="149" type="stmt" count="2"/>
        <line num="150" type="stmt" count="2"/>
        <metrics loc="152" ncloc="81" classes="1" methods="11" coveredmethods="11" conditionals="0" coveredconditionals="0" statements="20" coveredstatements="20" elements="31" coveredelements="31"/>
      </file>
      <file name="/home/runner/work/flagship-php-sdk-dev/flagship-php-sdk-dev/src/Visitor.php">
        <class name="Visitor" namespace="Flagship" fullPackage="Flagship" package="Flagship">
          <metrics methods="14" coveredmethods="14" conditionals="0" coveredconditionals="0" statements="71" coveredstatements="71" elements="85" coveredelements="85"/>
        </class>
        <line num="55" type="method" name="__construct" crap="1" count="9"/>
        <line num="57" type="stmt" count="9"/>
        <line num="58" type="stmt" count="9"/>
        <line num="59" type="stmt" count="9"/>
        <line num="60" type="stmt" count="9"/>
        <line num="61" type="stmt" count="9"/>
        <line num="66" type="method" name="getConfig" crap="1" count="1"/>
        <line num="68" type="stmt" count="1"/>
        <line num="75" type="method" name="setConfig" crap="1" count="1"/>
        <line num="77" type="stmt" count="1"/>
        <line num="78" type="stmt" count="1"/>
        <line num="84" type="method" name="getVisitorId" crap="1" count="4"/>
        <line num="86" type="stmt" count="4"/>
        <line num="93" type="method" name="setVisitorId" crap="2" count="9"/>
        <line num="95" type="stmt" count="9"/>
        <line num="96" type="stmt" count="9"/>
        <line num="98" type="stmt" count="1"/>
        <line num="100" type="stmt" count="9"/>
        <line num="106" type="method" name="getContext" crap="1" count="7"/>
        <line num="108" type="stmt" count="7"/>
        <line num="117" type="method" name="setContext" crap="1" count="1"/>
        <line num="119" type="stmt" count="1"/>
        <line num="120" type="stmt" count="1"/>
        <line num="132" type="method" name="updateContext" crap="3" count="7"/>
        <line num="134" type="stmt" count="7"/>
        <line num="135" type="stmt" count="2"/>
        <line num="136" type="stmt" count="2"/>
        <line num="137" type="stmt" count="2"/>
        <line num="138" type="stmt" count="2"/>
        <line num="141" type="stmt" count="2"/>
        <line num="143" type="stmt" count="7"/>
        <line num="144" type="stmt" count="7"/>
        <line num="154" type="method" name="updateContextCollection" crap="2" count="9"/>
        <line num="156" type="stmt" count="9"/>
        <line num="157" type="stmt" count="6"/>
        <line num="159" type="stmt" count="9"/>
        <line num="164" type="method" name="getModifications" crap="1" count="1"/>
        <line num="166" type="stmt" count="1"/>
        <line num="181" type="method" name="getModification" crap="6" count="2"/>
        <line num="183" type="stmt" count="2"/>
        <line num="184" type="stmt" count="2"/>
        <line num="185" type="stmt" count="2"/>
        <line num="186" type="stmt" count="2"/>
        <line num="187" type="stmt" count="2"/>
        <line num="189" type="stmt" count="2"/>
        <line num="191" type="stmt" count="2"/>
        <line num="192" type="stmt" count="2"/>
        <line num="193" type="stmt" count="2"/>
        <line num="194" type="stmt" count="2"/>
        <line num="195" type="stmt" count="2"/>
        <line num="196" type="stmt" count="1"/>
        <line num="198" type="stmt" count="2"/>
        <line num="199" type="stmt" count="2"/>
        <line num="200" type="stmt" count="2"/>
        <line num="201" type="stmt" count="2"/>
        <line num="203" type="stmt" count="2"/>
        <line num="206" type="stmt" count="2"/>
        <line num="207" type="stmt" count="2"/>
        <line num="208" type="stmt" count="2"/>
        <line num="209" type="stmt" count="2"/>
        <line num="210" type="stmt" count="2"/>
        <line num="213" type="stmt" count="2"/>
        <line num="222" type="method" name="getModificationInfo" crap="4" count="1"/>
        <line num="224" type="stmt" count="1"/>
        <line num="225" type="stmt" count="1"/>
        <line num="226" type="stmt" count="1"/>
        <line num="227" type="stmt" count="1"/>
        <line num="228" type="stmt" count="1"/>
        <line num="230" type="stmt" count="1"/>
        <line num="232" type="stmt" count="1"/>
        <line num="233" type="stmt" count="1"/>
        <line num="234" type="stmt" count="1"/>
        <line num="237" type="stmt" count="1"/>
        <line num="238" type="stmt" count="1"/>
        <line num="239" type="stmt" count="1"/>
        <line num="240" type="stmt" count="1"/>
        <line num="242" type="stmt" count="1"/>
        <line num="251" type="method" name="parseToCampaign" crap="1" count="1"/>
        <line num="254" type="stmt" count="1"/>
        <line num="255" type="stmt" count="1"/>
        <line num="256" type="stmt" count="1"/>
        <line num="257" type="stmt" count="1"/>
        <line num="265" type="method" name="synchronizedModifications" crap="1" count="3"/>
        <line num="267" type="stmt" count="3"/>
        <line num="268" type="stmt" count="3"/>
        <metrics loc="269" ncloc="167" classes="1" methods="14" coveredmethods="14" conditionals="0" coveredconditionals="0" statements="71" coveredstatements="71" elements="85" coveredelements="85"/>
      </file>
    </package>
    <package name="Flagship\Model">
      <file name="/home/runner/work/flagship-php-sdk-dev/flagship-php-sdk-dev/src/Model/Modification.php">
        <class name="Modification" namespace="Flagship\Model" fullPackage="Flagship" package="Flagship">
          <metrics methods="12" coveredmethods="12" conditionals="0" coveredconditionals="0" statements="18" coveredstatements="18" elements="30" coveredelements="30"/>
        </class>
        <line num="40" type="method" name="getKey" crap="1" count="4"/>
        <line num="42" type="stmt" count="4"/>
        <line num="49" type="method" name="setKey" crap="1" count="1"/>
        <line num="51" type="stmt" count="1"/>
        <line num="52" type="stmt" count="1"/>
        <line num="58" type="method" name="getCampaignId" crap="1" count="2"/>
        <line num="60" type="stmt" count="2"/>
        <line num="67" type="method" name="setCampaignId" crap="1" count="1"/>
        <line num="69" type="stmt" count="1"/>
        <line num="70" type="stmt" count="1"/>
        <line num="76" type="method" name="getVariationGroupId" crap="1" count="2"/>
        <line num="78" type="stmt" count="2"/>
        <line num="85" type="method" name="setVariationGroupId" crap="1" count="1"/>
        <line num="87" type="stmt" count="1"/>
        <line num="88" type="stmt" count="1"/>
        <line num="94" type="method" name="getVariationId" crap="1" count="2"/>
        <line num="96" type="stmt" count="2"/>
        <line num="103" type="method" name="setVariationId" crap="1" count="1"/>
        <line num="105" type="stmt" count="1"/>
        <line num="106" type="stmt" count="1"/>
        <line num="112" type="method" name="getIsReference" crap="1" count="2"/>
        <line num="114" type="stmt" count="2"/>
        <line num="121" type="method" name="setIsReference" crap="1" count="1"/>
        <line num="123" type="stmt" count="1"/>
        <line num="124" type="stmt" count="1"/>
        <line num="130" type="method" name="getValue" crap="1" count="3"/>
        <line num="132" type="stmt" count="3"/>
        <line num="139" type="method" name="setValue" crap="1" count="1"/>
        <line num="141" type="stmt" count="1"/>
        <line num="142" type="stmt" count="1"/>
        <metrics loc="144" ncloc="79" classes="1" methods="12" coveredmethods="12" conditionals="0" coveredconditionals="0" statements="18" coveredstatements="18" elements="30" coveredelements="30"/>
      </file>
    </package>
    <package name="Flagship\Traits">
      <file name="/home/runner/work/flagship-php-sdk-dev/flagship-php-sdk-dev/src/Traits/LogTrait.php">
        <class name="LogTrait" namespace="Flagship\Traits">
          <metrics methods="2" coveredmethods="2" conditionals="0" coveredconditionals="0" statements="8" coveredstatements="8" elements="10" coveredelements="10"/>
        </class>
        <line num="14" type="method" name="logError" crap="2" count="9"/>
        <line num="16" type="stmt" count="9"/>
        <line num="17" type="stmt" count="6"/>
        <line num="19" type="stmt" count="3"/>
        <line num="20" type="stmt" count="3"/>
        <line num="27" type="method" name="logInfo" crap="2" count="5"/>
        <line num="29" type="stmt" count="5"/>
        <line num="30" type="stmt" count="4"/>
        <line num="32" type="stmt" count="1"/>
        <line num="33" type="stmt" count="1"/>
        <metrics loc="34" ncloc="24" classes="1" methods="2" coveredmethods="2" conditionals="0" coveredconditionals="0" statements="8" coveredstatements="8" elements="10" coveredelements="10"/>
      </file>
      <file name="/home/runner/work/flagship-php-sdk-dev/flagship-php-sdk-dev/src/Traits/ValidatorTrait.php">
        <class name="ValidatorTrait" namespace="Flagship\Traits">
          <metrics methods="2" coveredmethods="2" conditionals="0" coveredconditionals="0" statements="2" coveredstatements="2" elements="4" coveredelements="4"/>
        </class>
        <line num="14" type="method" name="isKeyValid" crap="2" count="11"/>
        <line num="16" type="stmt" count="11"/>
        <line num="26" type="method" name="isValueValid" crap="4" count="8"/>
        <line num="28" type="stmt" count="8"/>
        <metrics loc="30" ncloc="17" classes="1" methods="2" coveredmethods="2" conditionals="0" coveredconditionals="0" statements="2" coveredstatements="2" elements="4" coveredelements="4"/>
      </file>
    </package>
    <package name="Flagship\Utils">
      <file name="/home/runner/work/flagship-php-sdk-dev/flagship-php-sdk-dev/src/Utils/HttpClient.php">
        <class name="HttpClient" namespace="Flagship\Utils">
          <metrics methods="12" coveredmethods="4" conditionals="0" coveredconditionals="0" statements="54" coveredstatements="28" elements="66" coveredelements="32"/>
        </class>
        <line num="26" type="method" name="__construct" crap="2.02" count="5"/>
        <line num="28" type="stmt" count="5"/>
        <line num="29" type="stmt" count="0"/>
        <line num="31" type="stmt" count="5"/>
        <line num="33" type="stmt" count="5"/>
        <line num="34" type="stmt" count="5"/>
        <line num="35" type="stmt" count="5"/>
        <line num="45" type="method" name="setOpt" crap="2" count="5"/>
        <line num="47" type="stmt" count="5"/>
        <line num="48" type="stmt" count="5"/>
        <line num="49" type="stmt" count="5"/>
        <line num="51" type="stmt" count="5"/>
        <line num="57" type="method" name="setHeaders" crap="3" count="1"/>
        <line num="59" type="stmt" count="1"/>
        <line num="60" type="stmt" count="1"/>
        <line num="61" type="stmt" count="1"/>
        <line num="62" type="stmt" count="1"/>
        <line num="65" type="stmt" count="1"/>
        <line num="66" type="stmt" count="1"/>
        <line num="67" type="stmt" count="1"/>
        <line num="69" type="stmt" count="1"/>
        <line num="70" type="stmt" count="1"/>
        <line num="76" type="method" name="getHeaders" crap="1" count="1"/>
        <line num="78" type="stmt" count="1"/>
        <line num="84" type="method" name="setTimeout" crap="1" count="5"/>
        <line num="86" type="stmt" count="5"/>
        <line num="87" type="stmt" count="5"/>
        <line num="97" type="method" name="setUrl" crap="2" count="0"/>
        <line num="99" type="stmt" count="0"/>
        <line num="100" type="stmt" count="0"/>
        <line num="101" type="stmt" count="0"/>
        <line num="110" type="method" name="exec" crap="6" count="0"/>
        <line num="112" type="stmt" count="0"/>
        <line num="113" type="stmt" count="0"/>
        <line num="114" type="stmt" count="0"/>
        <line num="116" type="stmt" count="0"/>
        <line num="117" type="stmt" count="0"/>
        <line num="119" type="stmt" count="0"/>
        <line num="120" type="stmt" count="0"/>
        <line num="122" type="stmt" count="0"/>
        <line num="123" type="stmt" count="0"/>
        <line num="125" type="stmt" count="0"/>
        <line num="138" type="method" name="get" crap="2" count="0"/>
        <line num="140" type="stmt" count="0"/>
        <line num="141" type="stmt" count="0"/>
        <line num="142" type="stmt" count="0"/>
        <line num="143" type="stmt" count="0"/>
        <line num="153" type="method" name="post" crap="2" count="0"/>
        <line num="155" type="stmt" count="0"/>
        <line num="156" type="stmt" count="0"/>
        <line num="157" type="stmt" count="0"/>
        <line num="158" type="stmt" count="0"/>
        <line num="159" type="stmt" count="0"/>
        <line num="170" type="method" name="getInfo" crap="2" count="0"/>
        <line num="172" type="stmt" count="0"/>
        <line num="175" type="method" name="parseResponse" crap="2" count="0"/>
        <line num="177" type="stmt" count="0"/>
        <line num="189" type="method" name="buildUrl" crap="5.05" count="1"/>
        <line num="191" type="stmt" count="1"/>
        <line num="192" type="stmt" count="1"/>
        <line num="193" type="stmt" count="1"/>
        <line num="194" type="stmt" count="1"/>
        <line num="195" type="stmt" count="0"/>
        <line num="196" type="stmt" count="1"/>
        <line num="197" type="stmt" count="1"/>
        <line num="200" type="stmt" count="1"/>
        <metrics loc="202" ncloc="131" classes="1" methods="12" coveredmethods="4" conditionals="0" coveredconditionals="0" statements="54" coveredstatements="28" elements="66" coveredelements="32"/>
      </file>
      <file name="/home/runner/work/flagship-php-sdk-dev/flagship-php-sdk-dev/src/Utils/LogManager.php">
        <class name="LogManager" namespace="Flagship\Utils">
          <metrics methods="10" coveredmethods="10" conditionals="0" coveredconditionals="0" statements="29" coveredstatements="29" elements="39" coveredelements="39"/>
        </class>
        <line num="13" type="method" name="emergency" crap="1" count="1"/>
        <line num="15" type="stmt" count="1"/>
        <line num="16" type="stmt" count="1"/>
        <line num="21" type="method" name="alert" crap="1" count="1"/>
        <line num="23" type="stmt" count="1"/>
        <line num="24" type="stmt" count="1"/>
        <line num="29" type="method" name="critical" crap="1" count="1"/>
        <line num="31" type="stmt" count="1"/>
        <line num="32" type="stmt" count="1"/>
        <line num="37" type="method" name="error" crap="1" count="1"/>
        <line num="39" type="stmt" count="1"/>
        <line num="40" type="stmt" count="1"/>
        <line num="45" type="method" name="warning" crap="1" count="1"/>
        <line num="47" type="stmt" count="1"/>
        <line num="48" type="stmt" count="1"/>
        <line num="53" type="method" name="notice" crap="1" count="1"/>
        <line num="55" type="stmt" count="1"/>
        <line num="56" type="stmt" count="1"/>
        <line num="61" type="method" name="info" crap="1" count="1"/>
        <line num="63" type="stmt" count="1"/>
        <line num="64" type="stmt" count="1"/>
        <line num="69" type="method" name="debug" crap="1" count="1"/>
        <line num="71" type="stmt" count="1"/>
        <line num="72" type="stmt" count="1"/>
        <line num="77" type="method" name="log" crap="1" count="9"/>
        <line num="79" type="stmt" count="9"/>
        <line num="80" type="stmt" count="9"/>
        <line num="81" type="stmt" count="9"/>
        <line num="82" type="stmt" count="9"/>
        <line num="84" type="method" name="parseContextToString" crap="4" count="9"/>
        <line num="86" type="stmt" count="9"/>
        <line num="88" type="stmt" count="9"/>
        <line num="89" type="stmt" count="9"/>
        <line num="91" type="stmt" count="9"/>
        <line num="92" type="stmt" count="9"/>
        <line num="95" type="stmt" count="9"/>
        <line num="97" type="stmt" count="9"/>
        <line num="98" type="stmt" count="9"/>
        <line num="100" type="stmt" count="9"/>
        <metrics loc="102" ncloc="75" classes="1" methods="10" coveredmethods="10" conditionals="0" coveredconditionals="0" statements="29" coveredstatements="29" elements="39" coveredelements="39"/>
      </file>
    </package>
    <file name="/home/runner/work/flagship-php-sdk-dev/flagship-php-sdk-dev/src/Utils/HttpClientInterface.php">
      <metrics loc="48" ncloc="16" classes="0" methods="0" coveredmethods="0" conditionals="0" coveredconditionals="0" statements="0" coveredstatements="0" elements="0" coveredelements="0"/>
    </file>
    <file name="/home/runner/work/flagship-php-sdk-dev/flagship-php-sdk-dev/src/Utils/LogManagerInterface.php">
      <metrics loc="104" ncloc="24" classes="0" methods="0" coveredmethods="0" conditionals="0" coveredconditionals="0" statements="0" coveredstatements="0" elements="0" coveredelements="0"/>
    </file>
    <metrics files="17" loc="1613" ncloc="971" classes="14" methods="81" coveredmethods="73" conditionals="0" coveredconditionals="0" statements="297" coveredstatements="271" elements="378" coveredelements="344"/>
  </project>
</coverage>
